Exception at PC 0x00007FF878315549
Exception at PC 0x00007FF878315549
Exception at PC 0x00007FF878315549
Exception at PC 0x00007FF878315549
Exception at PC 0x00007FFFD79CE132
Attemped to write at address 0x00007FF818CB4AA4
Printing stacktrace...

[0]  [0x00007FFFD79CE132]
[1]  [0x00007FFFD79CE132]
[2]  [0x00007FFFD79CE194]
[3]  [0x00007FFFD761D0D7]
[4]  [0x00007FFFD7502BCA]
[5]  [0x00007FFFD7502FD1]
[6]  [0x00007FFFD79CEB2F]
[7]  [0x00007FFFD788C19D]
[8]  [0x00007FFFD7885942]
[9]  [0x00007FFFD7885AB5]
[10] (RtlAnsiStringToUnicodeString+0x297) [0x00007FF87BA68F07]
[11] (LdrShutdownProcess+0x12c) [0x00007FF87BA635BC]
[12] (RtlExitUserProcess+0xad) [0x00007FF87BA86DAD]
[13] (FatalExit+0xa) [0x00007FF87969D3BA]
[14] (exit+0x85) [0x00007FF87907A2B5]
[15] (initterm_e+0x245) [0x00007FF87907A925]
[16]  [0x00000000004014CD]
[17]  [0x000000000040151B]
[18] (BaseThreadInitThunk+0x14) [0x00007FF8796981F4]
[19] (RtlUserThreadStart+0x21) [0x00007FF87BA8A251]
Done
