#-----------------------------------------------------------
# Vivado v2017.4 (64-bit)
# SW Build 2086221 on Fri Dec 15 20:55:39 MST 2017
# IP Build 2085800 on Fri Dec 15 22:25:07 MST 2017
# Start of session at: Fri Feb 22 16:23:00 2019
# Process ID: 28200
# Current directory: C:/Umich/2nd_term/570/final_project/try/xapp1170/xapp1170_2015v4/pre_built/hls/hls_mmult_prj/solution3/.autopilot/db/ip_tmp
# Command line: vivado.exe  -notrace -mode batch -source run_vivado.tcl
# Log file: C:/Umich/2nd_term/570/final_project/try/xapp1170/xapp1170_2015v4/pre_built/hls/hls_mmult_prj/solution3/.autopilot/db/ip_tmp/vivado.log
# Journal file: C:/Umich/2nd_term/570/final_project/try/xapp1170/xapp1170_2015v4/pre_built/hls/hls_mmult_prj/solution3/.autopilot/db/ip_tmp\vivado.jou
#-----------------------------------------------------------
source run_vivado.tcl -notrace
INFO: [ProjectBase 1-489] The host OS only allows 260 characters in a normal path. The project is stored in a path with more than 80 characters. If you experience issues with IP, Block Designs, or files not being found, please consider moving the project to a location with a shorter path. Alternately consider using the OS subst command to map part of the path to a drive letter.
Current project path is 'C:/Umich/2nd_term/570/final_project/try/xapp1170/xapp1170_2015v4/pre_built/hls/hls_mmult_prj/solution3/.autopilot/db/ip_tmp'
WARNING: [Board 49-69] Validation failed for board file C:/software/VIVADO~1.4/Vivado/2017.4/data/boards/board_files/arty-s7-50/B.0/board.xml:
 Pin Map file does not provide LOC constraints for shield_dp0_dp9_tri_i_0COMP : digilentinc.com:arty-s7-50:part0:1.0

CRITICAL WARNING: [Board 49-56] Problem parsing board file - C:/software/VIVADO~1.4/Vivado/2017.4/data/boards/board_files/arty-s7-50/B.0/board.xml
INFO: [IP_Flow 19-234] Refreshing IP repositories
INFO: [IP_Flow 19-1704] No user IP repositories specified
INFO: [IP_Flow 19-2313] Loaded Vivado IP repository 'C:/software/VIVADO~1.4/Vivado/2017.4/data/ip'.
WARNING: [IP_Flow 19-4832] The IP name 'standalone_mmult_ap_fadd_3_full_dsp_32' you have specified is long. The Windows operating system has path length limitations. It is recommended you use shorter names to reduce the likelihood of issues.
INFO: [IP_Flow 19-1686] Generating 'Synthesis' target for IP 'standalone_mmult_ap_fadd_3_full_dsp_32'...
INFO: [IP_Flow 19-1686] Generating 'Simulation' target for IP 'standalone_mmult_ap_fadd_3_full_dsp_32'...
WARNING: [IP_Flow 19-4832] The IP name 'standalone_mmult_ap_fmul_2_max_dsp_32' you have specified is long. The Windows operating system has path length limitations. It is recommended you use shorter names to reduce the likelihood of issues.
INFO: [IP_Flow 19-1686] Generating 'Synthesis' target for IP 'standalone_mmult_ap_fmul_2_max_dsp_32'...
INFO: [IP_Flow 19-1686] Generating 'Simulation' target for IP 'standalone_mmult_ap_fmul_2_max_dsp_32'...
INFO: [Common 17-206] Exiting Vivado at Fri Feb 22 16:23:14 2019...
